Drill report for MiniAB-CAN-Board.kicad_pcb
Created on Sat Jan  8 17:27:50 2022

Copper Layer Stackup:
    =============================================================
    L1 :  Front                     front
    L2 :  In1.Cu                    in1
    L3 :  In2.Cu                    in2
    L4 :  Back                      back


Drill file 'MiniAB-CAN-Board.drl' contains
    plated through holes:
    =============================================================
    T1  0.200mm  0.0079"  (380 holes)
    T2  0.500mm  0.0197"  (19 holes)  (with 3 slots)
    T3  0.750mm  0.0295"  (28 holes)
    T4  1.020mm  0.0402"  (6 holes)
    T5  3.200mm  0.1260"  (2 holes)

    Total plated holes count 435


Not plated through holes are merged with plated holes
    unplated through holes:
    =============================================================
    T6  3.000mm  0.1181"  (3 holes)

    Total unplated holes count 3
